<?xml version="1.0" encoding="UTF-8"?>
<!-- Generated by org.testng.reporters.JUnitReportReporter -->
<testsuite skipped="11" hostname="DESKTOP-B8QHPPA" name="com.ort.qa.testcases.NurseDashboardPageTest" tests="21" failures="0" timestamp="21 May 2021 07:44:40 GMT" time="293.106" errors="1">
  <testcase name="setUp" time="85.154" classname="com.ort.qa.testcases.NurseDashboardPageTest">
    <error type="org.openqa.selenium.NoSuchElementException" message="no such element: Unable to locate element: {&quot;method&quot;:&quot;css selector&quot;,&quot;selector&quot;:&quot;*[name=&#039;username&#039;]&quot;}
  (Session info: chrome=90.0.4430.212)
For documentation on this error, please visit: https://www.seleniumhq.org/exceptions/no_such_element.html
Build info: version: &#039;3.141.59&#039;, revision: &#039;e82be7d358&#039;, time: &#039;2018-11-14T08:25:48&#039;
System info: host: &#039;DESKTOP-B8QHPPA&#039;, ip: &#039;192.168.1.104&#039;, os.name: &#039;Windows 10&#039;, os.arch: &#039;amd64&#039;, os.version: &#039;10.0&#039;, java.version: &#039;1.8.0_281&#039;
Driver info: org.openqa.selenium.chrome.ChromeDriver
Capabilities {acceptInsecureCerts: false, browserName: chrome, browserVersion: 90.0.4430.212, chrome: {chromedriverVersion: 90.0.4430.24 (4c6d850f087da..., userDataDir: C:\Users\Priyanka\AppData\L...}, goog:chromeOptions: {debuggerAddress: localhost:52267}, javascriptEnabled: true, networkConnectionEnabled: false, pageLoadStrategy: normal, platform: WINDOWS, platformName: WINDOWS, proxy: Proxy(), setWindowRect: true, strictFileInteractability: false, timeouts: {implicit: 0, pageLoad: 300000, script: 30000}, unhandledPromptBehavior: dismiss and notify, webauthn:extension:largeBlob: true, webauthn:virtualAuthenticators: true}
Session ID: 9e90a1b115cb751703def694bea442c2
*** Element info: {Using=name, value=username}">
      <![CDATA[org.openqa.selenium.NoSuchElementException: no such element: Unable to locate element: {"method":"css selector","selector":"*[name='username']"}
  (Session info: chrome=90.0.4430.212)
For documentation on this error, please visit: https://www.seleniumhq.org/exceptions/no_such_element.html
Build info: version: '3.141.59', revision: 'e82be7d358', time: '2018-11-14T08:25:48'
System info: host: 'DESKTOP-B8QHPPA', ip: '192.168.1.104', os.name: 'Windows 10', os.arch: 'amd64', os.version: '10.0', java.version: '1.8.0_281'
Driver info: org.openqa.selenium.chrome.ChromeDriver
Capabilities {acceptInsecureCerts: false, browserName: chrome, browserVersion: 90.0.4430.212, chrome: {chromedriverVersion: 90.0.4430.24 (4c6d850f087da..., userDataDir: C:\Users\Priyanka\AppData\L...}, goog:chromeOptions: {debuggerAddress: localhost:52267}, javascriptEnabled: true, networkConnectionEnabled: false, pageLoadStrategy: normal, platform: WINDOWS, platformName: WINDOWS, proxy: Proxy(), setWindowRect: true, strictFileInteractability: false, timeouts: {implicit: 0, pageLoad: 300000, script: 30000}, unhandledPromptBehavior: dismiss and notify, webauthn:extension:largeBlob: true, webauthn:virtualAuthenticators: true}
Session ID: 9e90a1b115cb751703def694bea442c2
*** Element info: {Using=name, value=username}
at sun.reflect.NativeConstructorAccessorImpl.newInstance0(Native Method)
at sun.reflect.NativeConstructorAccessorImpl.newInstance(Unknown Source)
at sun.reflect.DelegatingConstructorAccessorImpl.newInstance(Unknown Source)
at java.lang.reflect.Constructor.newInstance(Unknown Source)
at org.openqa.selenium.remote.http.W3CHttpResponseCodec.createException(W3CHttpResponseCodec.java:187)
at org.openqa.selenium.remote.http.W3CHttpResponseCodec.decode(W3CHttpResponseCodec.java:122)
at org.openqa.selenium.remote.http.W3CHttpResponseCodec.decode(W3CHttpResponseCodec.java:49)
at org.openqa.selenium.remote.HttpCommandExecutor.execute(HttpCommandExecutor.java:158)
at org.openqa.selenium.remote.service.DriverCommandExecutor.execute(DriverCommandExecutor.java:83)
at org.openqa.selenium.remote.RemoteWebDriver.execute(RemoteWebDriver.java:552)
at org.openqa.selenium.remote.RemoteWebDriver.findElement(RemoteWebDriver.java:323)
at org.openqa.selenium.remote.RemoteWebDriver.findElementByName(RemoteWebDriver.java:404)
at org.openqa.selenium.By$ByName.findElement(By.java:284)
at org.openqa.selenium.remote.RemoteWebDriver.findElement(RemoteWebDriver.java:315)
at sun.reflect.GeneratedMethodAccessor3.invoke(Unknown Source)
at sun.reflect.DelegatingMethodAccessorImpl.invoke(Unknown Source)
at java.lang.reflect.Method.invoke(Unknown Source)
at org.openqa.selenium.support.events.EventFiringWebDriver.lambda$new$1(EventFiringWebDriver.java:105)
at com.sun.proxy.$Proxy7.findElement(Unknown Source)
at org.openqa.selenium.support.events.EventFiringWebDriver.findElement(EventFiringWebDriver.java:194)
at org.openqa.selenium.support.pagefactory.DefaultElementLocator.findElement(DefaultElementLocator.java:69)
at org.openqa.selenium.support.pagefactory.internal.LocatingElementHandler.invoke(LocatingElementHandler.java:38)
at com.sun.proxy.$Proxy11.sendKeys(Unknown Source)
at com.ort.qa.pages.LoginPage.login(LoginPage.java:143)
at com.ort.qa.testcases.NurseDashboardPageTest.setUp(NurseDashboardPageTest.java:43)
at sun.reflect.NativeMethodAccessorImpl.invoke0(Native Method)
at sun.reflect.NativeMethodAccessorImpl.invoke(Unknown Source)
at sun.reflect.DelegatingMethodAccessorImpl.invoke(Unknown Source)
at java.lang.reflect.Method.invoke(Unknown Source)
at org.testng.internal.MethodInvocationHelper.invokeMethod(MethodInvocationHelper.java:124)
at org.testng.internal.MethodInvocationHelper.invokeMethodConsideringTimeout(MethodInvocationHelper.java:59)
at org.testng.internal.Invoker.invokeConfigurationMethod(Invoker.java:458)
at org.testng.internal.Invoker.invokeConfigurations(Invoker.java:222)
at org.testng.internal.Invoker.invokeMethod(Invoker.java:523)
at org.testng.internal.Invoker.invokeTestMethod(Invoker.java:719)
at org.testng.internal.Invoker.invokeTestMethods(Invoker.java:989)
at org.testng.internal.TestMethodWorker.invokeTestMethods(TestMethodWorker.java:125)
at org.testng.internal.TestMethodWorker.run(TestMethodWorker.java:109)
at org.testng.TestRunner.privateRun(TestRunner.java:648)
at org.testng.TestRunner.run(TestRunner.java:505)
at org.testng.SuiteRunner.runTest(SuiteRunner.java:455)
at org.testng.SuiteRunner.runSequentially(SuiteRunner.java:450)
at org.testng.SuiteRunner.privateRun(SuiteRunner.java:415)
at org.testng.SuiteRunner.run(SuiteRunner.java:364)
at org.testng.SuiteRunnerWorker.runSuite(SuiteRunnerWorker.java:52)
at org.testng.SuiteRunnerWorker.run(SuiteRunnerWorker.java:84)
at org.testng.TestNG.runSuitesSequentially(TestNG.java:1208)
at org.testng.TestNG.runSuitesLocally(TestNG.java:1137)
at org.testng.TestNG.runSuites(TestNG.java:1049)
at org.testng.TestNG.run(TestNG.java:1017)
at org.testng.remote.AbstractRemoteTestNG.run(AbstractRemoteTestNG.java:115)
at org.testng.remote.RemoteTestNG.initAndRun(RemoteTestNG.java:251)
at org.testng.remote.RemoteTestNG.main(RemoteTestNG.java:77)
]]>
    </error>
  </testcase> <!-- setUp -->
  <testcase name="verifyDashboardPageTitleTest" time="29.690" classname="com.ort.qa.testcases.NurseDashboardPageTest"/>
  <testcase name="verifyMenuOptionVisibility" time="25.371" classname="com.ort.qa.testcases.NurseDashboardPageTest"/>
  <testcase name="verifyDashboardOptionVisibility" time="24.478" classname="com.ort.qa.testcases.NurseDashboardPageTest"/>
  <testcase name="clickInProcessDashboard" time="26.800" classname="com.ort.qa.testcases.NurseDashboardPageTest"/>
  <testcase name="clickOnHoldDashboard" time="23.055" classname="com.ort.qa.testcases.NurseDashboardPageTest"/>
  <testcase name="clickCartReviewDashboard" time="23.276" classname="com.ort.qa.testcases.NurseDashboardPageTest"/>
  <testcase name="clickCreateCaseDashboard" time="24.562" classname="com.ort.qa.testcases.NurseDashboardPageTest"/>
  <testcase name="clickSearchCaseDashboard" time="28.526" classname="com.ort.qa.testcases.NurseDashboardPageTest"/>
  <testcase name="clickOpenCaseDashboard" time="2.194" classname="com.ort.qa.testcases.NurseDashboardPageTest"/>
  <testcase name="clickORtelligenceDashboard" time="0.000" classname="com.ort.qa.testcases.NurseDashboardPageTest">
    <skipped/>
  </testcase> <!-- clickORtelligenceDashboard -->
  <testcase name="clickInProcessMenu" time="0.000" classname="com.ort.qa.testcases.NurseDashboardPageTest">
    <skipped/>
  </testcase> <!-- clickInProcessMenu -->
  <testcase name="clickOnHoldMenu" time="0.000" classname="com.ort.qa.testcases.NurseDashboardPageTest">
    <skipped/>
  </testcase> <!-- clickOnHoldMenu -->
  <testcase name="clickCartReviewMenu" time="0.000" classname="com.ort.qa.testcases.NurseDashboardPageTest">
    <skipped/>
  </testcase> <!-- clickCartReviewMenu -->
  <testcase name="clickCreateCaseMenu" time="0.000" classname="com.ort.qa.testcases.NurseDashboardPageTest">
    <skipped/>
  </testcase> <!-- clickCreateCaseMenu -->
  <testcase name="clickSearchCaseMenu" time="0.000" classname="com.ort.qa.testcases.NurseDashboardPageTest">
    <skipped/>
  </testcase> <!-- clickSearchCaseMenu -->
  <testcase name="clickOpenCaseMenu" time="0.000" classname="com.ort.qa.testcases.NurseDashboardPageTest">
    <skipped/>
  </testcase> <!-- clickOpenCaseMenu -->
  <testcase name="clickORtelligenceMenu" time="0.000" classname="com.ort.qa.testcases.NurseDashboardPageTest">
    <skipped/>
  </testcase> <!-- clickORtelligenceMenu -->
  <testcase name="clickProfileMenu" time="0.000" classname="com.ort.qa.testcases.NurseDashboardPageTest">
    <skipped/>
  </testcase> <!-- clickProfileMenu -->
  <testcase name="clickNurseSwitchLocationMenu" time="0.000" classname="com.ort.qa.testcases.NurseDashboardPageTest">
    <skipped/>
  </testcase> <!-- clickNurseSwitchLocationMenu -->
  <testcase name="clickLogoutMenu" time="0.000" classname="com.ort.qa.testcases.NurseDashboardPageTest">
    <skipped/>
  </testcase> <!-- clickLogoutMenu -->
</testsuite> <!-- com.ort.qa.testcases.NurseDashboardPageTest -->
