<?xml version="1.0" encoding="UTF-8"?>
<!-- Generated by org.testng.reporters.JUnitXMLReporter -->
<testsuite hostname="DESKTOP-B8QHPPA" ignored="7" name="Ortelligence Application Test Cases" tests="8" failures="1" timestamp="11 Jun 2021 13:34:17 GMT" time="565.012" errors="0">
  <testcase name="createCasePreferenceCardFlowTest" time="53.643" classname="com.ort.qa.testcases.CreateCasePreferenceCardSelectionFlowTest"/>
  <testcase name="createCasePreferenceCardFlowTest" time="44.223" classname="com.ort.qa.testcases.CreateCasePreferenceCardSelectionFlowTest"/>
  <testcase name="createCasePreferenceCardFlowTest" time="43.174" classname="com.ort.qa.testcases.CreateCasePreferenceCardSelectionFlowTest"/>
  <testcase name="createCasePreferenceCardFlowTest" time="47.985" classname="com.ort.qa.testcases.CreateCasePreferenceCardSelectionFlowTest">
    <failure type="org.openqa.selenium.NoSuchElementException" message="no such element: Unable to locate element: {&amp;quot;method&amp;quot;:&amp;quot;xpath&amp;quot;,&amp;quot;selector&amp;quot;:&amp;quot;//button[text()=&amp;apos;Proceed to Cart&amp;apos;]&amp;quot;}
  (Session info: chrome=91.0.4472.77)
For documentation on this error, please visit: https://www.seleniumhq.org/exceptions/no_such_element.html
Build info: version: &amp;apos;3.141.59&amp;apos;, revision: &amp;apos;e82be7d358&amp;apos;, time: &amp;apos;2018-11-14T08:25:48&amp;apos;
System info: host: &amp;apos;DESKTOP-B8QHPPA&amp;apos;, ip: &amp;apos;192.168.1.104&amp;apos;, os.name: &amp;apos;Windows 10&amp;apos;, os.arch: &amp;apos;amd64&amp;apos;, os.version: &amp;apos;10.0&amp;apos;, java.version: &amp;apos;1.8.0_281&amp;apos;
Driver info: org.openqa.selenium.chrome.ChromeDriver
Capabilities {acceptInsecureCerts: false, browserName: chrome, browserVersion: 91.0.4472.77, chrome: {chromedriverVersion: 90.0.4430.24 (4c6d850f087da..., userDataDir: C:\Users\Priyanka\AppData\L...}, goog:chromeOptions: {debuggerAddress: localhost:55424}, javascriptEnabled: true, networkConnectionEnabled: false, pageLoadStrategy: normal, platform: WINDOWS, platformName: WINDOWS, proxy: Proxy(), setWindowRect: true, strictFileInteractability: false, timeouts: {implicit: 0, pageLoad: 300000, script: 30000}, unhandledPromptBehavior: dismiss and notify, webauthn:extension:largeBlob: true, webauthn:virtualAuthenticators: true}
Session ID: 0dd858f6413c4127659e9b5024a96e4e
*** Element info: {Using=xpath, value=//button[text()=&amp;apos;Proceed to Cart&amp;apos;]}">
      <![CDATA[org.openqa.selenium.NoSuchElementException: no such element: Unable to locate element: {"method":"xpath","selector":"//button[text()='Proceed to Cart']"}
  (Session info: chrome=91.0.4472.77)
For documentation on this error, please visit: https://www.seleniumhq.org/exceptions/no_such_element.html
Build info: version: '3.141.59', revision: 'e82be7d358', time: '2018-11-14T08:25:48'
System info: host: 'DESKTOP-B8QHPPA', ip: '192.168.1.104', os.name: 'Windows 10', os.arch: 'amd64', os.version: '10.0', java.version: '1.8.0_281'
Driver info: org.openqa.selenium.chrome.ChromeDriver
Capabilities {acceptInsecureCerts: false, browserName: chrome, browserVersion: 91.0.4472.77, chrome: {chromedriverVersion: 90.0.4430.24 (4c6d850f087da..., userDataDir: C:\Users\Priyanka\AppData\L...}, goog:chromeOptions: {debuggerAddress: localhost:55424}, javascriptEnabled: true, networkConnectionEnabled: false, pageLoadStrategy: normal, platform: WINDOWS, platformName: WINDOWS, proxy: Proxy(), setWindowRect: true, strictFileInteractability: false, timeouts: {implicit: 0, pageLoad: 300000, script: 30000}, unhandledPromptBehavior: dismiss and notify, webauthn:extension:largeBlob: true, webauthn:virtualAuthenticators: true}
Session ID: 0dd858f6413c4127659e9b5024a96e4e
*** Element info: {Using=xpath, value=//button[text()='Proceed to Cart']}
at org.openqa.selenium.remote.http.W3CHttpResponseCodec.createException(W3CHttpResponseCodec.java:187)
at org.openqa.selenium.remote.http.W3CHttpResponseCodec.decode(W3CHttpResponseCodec.java:122)
at org.openqa.selenium.remote.http.W3CHttpResponseCodec.decode(W3CHttpResponseCodec.java:49)
at org.openqa.selenium.remote.HttpCommandExecutor.execute(HttpCommandExecutor.java:158)
at org.openqa.selenium.remote.service.DriverCommandExecutor.execute(DriverCommandExecutor.java:83)
at org.openqa.selenium.remote.RemoteWebDriver.execute(RemoteWebDriver.java:552)
at org.openqa.selenium.remote.RemoteWebDriver.findElement(RemoteWebDriver.java:323)
at org.openqa.selenium.remote.RemoteWebDriver.findElementByXPath(RemoteWebDriver.java:428)
at org.openqa.selenium.By$ByXPath.findElement(By.java:353)
at org.openqa.selenium.remote.RemoteWebDriver.findElement(RemoteWebDriver.java:315)
at org.openqa.selenium.support.events.EventFiringWebDriver.lambda$new$1(EventFiringWebDriver.java:105)
at com.sun.proxy.$Proxy8.findElement(Unknown Source)
at org.openqa.selenium.support.events.EventFiringWebDriver.findElement(EventFiringWebDriver.java:194)
at org.openqa.selenium.support.pagefactory.DefaultElementLocator.findElement(DefaultElementLocator.java:69)
at org.openqa.selenium.support.pagefactory.internal.LocatingElementHandler.invoke(LocatingElementHandler.java:38)
at com.sun.proxy.$Proxy12.click(Unknown Source)
at com.ort.qa.testcases.CreateCasePreferenceCardSelectionFlowTest.createCasePreferenceCardFlowTest(CreateCasePreferenceCardSelectionFlowTest.java:73)
... Removed 32 stack frames]]>
    </failure>
  </testcase> <!-- createCasePreferenceCardFlowTest -->
  <testcase name="createCaseFindPatientLongFlowTest" time="46.642" classname="com.ort.qa.testcases.CreateCaseFindPatientPageTest"/>
  <testcase name="createCaseFindPatientLongFlowTest" time="46.493" classname="com.ort.qa.testcases.CreateCaseFindPatientPageTest"/>
  <testcase name="createCaseFindPatientLongFlowTest" time="46.612" classname="com.ort.qa.testcases.CreateCaseFindPatientPageTest"/>
  <testcase name="createCaseFindPatientLongFlowTest" time="46.823" classname="com.ort.qa.testcases.CreateCaseFindPatientPageTest"/>
  <testcase name="clickOnHip" time="0.0" classname="com.ort.qa.testcases.CreateCaseFindPatientPageTest">
    <ignored/>
  </testcase> <!-- clickOnHip -->
  <testcase name="clickOnPatientButton" time="0.0" classname="com.ort.qa.testcases.CreateCaseFindPatientPageTest">
    <ignored/>
  </testcase> <!-- clickOnPatientButton -->
  <testcase name="clickOnProcedure" time="0.0" classname="com.ort.qa.testcases.CreateCaseFindPatientPageTest">
    <ignored/>
  </testcase> <!-- clickOnProcedure -->
  <testcase name="clickOnPatientDropDownButton" time="0.0" classname="com.ort.qa.testcases.CreateCaseFindPatientPageTest">
    <ignored/>
  </testcase> <!-- clickOnPatientDropDownButton -->
  <testcase name="clickOnCheckBox" time="0.0" classname="com.ort.qa.testcases.CreateCaseFindPatientPageTest">
    <ignored/>
  </testcase> <!-- clickOnCheckBox -->
  <testcase name="clickOnNextButton" time="0.0" classname="com.ort.qa.testcases.CreateCaseFindPatientPageTest">
    <ignored/>
  </testcase> <!-- clickOnNextButton -->
  <testcase name="notesByDoctors" time="0.0" classname="com.ort.qa.testcases.CreateCaseFindPatientPageTest">
    <ignored/>
  </testcase> <!-- notesByDoctors -->
</testsuite> <!-- Ortelligence Application Test Cases -->
